{"data": [], "id": "1405786438060", "title": "פיקוד העורף התרעה במרחב "}
{"data": ["אשקלון 254"], "id": "1405789050891", "title": "פיקוד העורף התרעה במרחב "}
{"data": ["אשקלון 254", "עוטף עזה 216"], "id": "1405789053297", "title": "פיקוד העורף התרעה במרחב "}
{"data": ["אשקלון 254"], "id": "1405789070376", "title": "פיקוד העורף התרעה במרחב "}
{"data": [], "id": "1405789078236", "title": "פיקוד העורף התרעה במרחב "}
{"data": ["אשקלון 246"], "id": "1405793092501", "title": "פיקוד העורף התרעה במרחב "}
{"data": ["אשקלון 246", "אשקלון 247", "אשקלון 250"], "id": "1405793097423", "title": "פיקוד העורף התרעה במרחב "}
{"data": ["אשקלון 247", "אשקלון 250"], "id": "1405793119596", "title": "פיקוד העורף התרעה במרחב "}
{"data": [], "id": "1405793124518", "title": "פיקוד העורף התרעה במרחב "}
{"data": ["באר שבע 292", "באר שבע 289"], "id": "1405793552461", "title": "פיקוד העורף התרעה במרחב "}
{"data": ["באר שבע 292", "באר שבע 289", "באר שבע 291"], "id": "1405793554946", "title": "פיקוד העורף התרעה במרחב "}
{"data": ["באר שבע 292", "באר שבע 291"], "id": "1405793594557", "title": "פיקוד העורף התרעה במרחב "}
{"data": ["באר שבע 292", "באר שבע 291", "באר שבע 289", "באר שבע 289"], "id": "1405793601948", "title": "פיקוד העורף התרעה במרחב "}
{"data": ["באר שבע 291", "באר שבע 289", "באר שבע 289"], "id": "1405793609636", "title": "פיקוד העורף התרעה במרחב "}
{"data": ["באר שבע 289", "באר שבע 289"], "id": "1405793612449", "title": "פיקוד העורף התרעה במרחב "}
{"data": ["באר שבע 292", "באר שבע 289", "באר שבע 289", "באר שבע 291"], "id": "1405793620809", "title": "פיקוד העורף התרעה במרחב "}
{"data": ["באר שבע 292", "באר שבע 291"], "id": "1405793644013", "title": "פיקוד העורף התרעה במרחב "}
{"data": [], "id": "1405793677843", "title": "פיקוד העורף התרעה במרחב "}
{"data": ["עוטף עזה 218"], "id": "1405793920371", "title": "פיקוד העורף התרעה במרחב "}
{"data": [], "id": "1405793937403", "title": "פיקוד העורף התרעה במרחב "}
{"data": ["באר שבע 286", "אשקלון 253"], "id": "1405794623235", "title": "פיקוד העורף התרעה במרחב "}
{"data": ["באר שבע 286"], "id": "1405794650659", "title": "פיקוד העורף התרעה במרחב "}
{"data": ["באר שבע 286", "באר שבע 289"], "id": "1405794664269", "title": "פיקוד העורף התרעה במרחב "}
{"data": ["באר שבע 289"], "id": "1405794680238", "title": "פיקוד העורף התרעה במרחב "}
{"data": [], "id": "1405794706302", "title": "פיקוד העורף התרעה במרחב "}
{"data": ["עוטף עזה 237"], "id": "1405795891566", "title": "פיקוד העורף התרעה במרחב "}
{"data": [], "id": "1405795908723", "title": "פיקוד העורף התרעה במרחב "}
{"data": ["אשדוד 267"], "id": "1405796061262", "title": "פיקוד העורף התרעה במרחב "}
{"data": ["אשקלון 246", "אשדוד 267", "עוטף עזה 218", "עוטף עזה 217", "אשקלון 247", "אשקלון 250"], "id": "1405796073919", "title": "פיקוד העורף התרעה במרחב "}
{"data": ["שפלה 175", "שפלה 182", "אשקלון 246", "אשדוד 266", "שפלה 178", "שפלה 183", "שפלה 179", "אשדוד 267", "עוטף עזה 218", "עוטף עזה 217", "אשקלון 247", "אשקלון 250"], "id": "1405796080826", "title": "פיקוד העורף התרעה במרחב "}
{"data": ["שפלה 175", "שפלה 182", "אשקלון 246", "אשדוד 266", "שפלה 178", "שפלה 183", "שפלה 179", "אשדוד 267", "אשקלון 247", "אשקלון 250"], "id": "1405796091061", "title": "פיקוד העורף התרעה במרחב "}
{"data": ["שפלה 175", "שפלה 182", "אשדוד 266", "שפלה 178", "שפלה 183", "שפלה 179", "אשדוד 267"], "id": "1405796101014", "title": "פיקוד העורף התרעה במרחב "}
{"data": ["שפלה 175", "שפלה 182", "אשדוד 266", "שפלה 178", "שפלה 183", "שפלה 179"], "id": "1405796118875", "title": "פיקוד העורף התרעה במרחב "}
{"data": ["שפלה 175", "שפלה 182", "שפלה 178", "שפלה 183", "שפלה 179"], "id": "1405796138141", "title": "פיקוד העורף התרעה במרחב "}
{"data": [], "id": "1405796168096", "title": "פיקוד העורף התרעה במרחב "}
